Build started 5/26/2015 2:56:48 AM.
     1>Project "c:\CS32\visual studio 2013\Projects\CS_32_Proj3\CS_32_Proj3\CS_32_Proj3.vcxproj" on node 2 (Build target(s)).
     1>ClCompile:
         C:\Program Files (x86)\Microsoft Visual Studio 12.0\VC\bin\CL.exe /c /ZI /nologo /W3 /WX- /sdl /Od /Oy- /D _MBCS /Gm /EHsc /RTC1 /MDd /GS /fp:precise /Zc:wchar_t /Zc:forScope /Fo"Debug\\" /Fd"Debug\vc120.pdb" /Gd /TP /analyze- /errorReport:prompt Actors.cpp
         Actors.cpp
     1>c:\cs32\visual studio 2013\projects\cs_32_proj3\cs_32_proj3\actors.cpp(94): warning C4018: '<' : signed/unsigned mismatch
     1>c:\cs32\visual studio 2013\projects\cs_32_proj3\cs_32_proj3\actors.cpp(232): warning C4018: '<' : signed/unsigned mismatch
     1>c:\cs32\visual studio 2013\projects\cs_32_proj3\cs_32_proj3\actors.cpp(238): warning C4018: '<' : signed/unsigned mismatch
     1>c:\cs32\visual studio 2013\projects\cs_32_proj3\cs_32_proj3\actors.cpp(275): warning C4018: '<' : signed/unsigned mismatch
     1>c:\cs32\visual studio 2013\projects\cs_32_proj3\cs_32_proj3\actors.cpp(290): warning C4018: '>' : signed/unsigned mismatch
     1>c:\cs32\visual studio 2013\projects\cs_32_proj3\cs_32_proj3\actors.cpp(317): warning C4018: '>' : signed/unsigned mismatch
     1>c:\cs32\visual studio 2013\projects\cs_32_proj3\cs_32_proj3\actors.cpp(354): warning C4018: '<' : signed/unsigned mismatch
     1>c:\cs32\visual studio 2013\projects\cs_32_proj3\cs_32_proj3\actors.cpp(365): warning C4018: '<' : signed/unsigned mismatch
     1>c:\cs32\visual studio 2013\projects\cs_32_proj3\cs_32_proj3\actors.cpp(402): warning C4715: 'Bogeymen::moveMonster' : not all control paths return a value
     1>c:\cs32\visual studio 2013\projects\cs_32_proj3\cs_32_proj3\actors.cpp(497): warning C4715: 'Actor::smell' : not all control paths return a value
     1>c:\cs32\visual studio 2013\projects\cs_32_proj3\cs_32_proj3\actors.cpp(527): warning C4715: 'SnakeWomen::moveMonster' : not all control paths return a value
     1>c:\cs32\visual studio 2013\projects\cs_32_proj3\cs_32_proj3\actors.cpp(567): warning C4715: 'Dragon::moveMonster' : not all control paths return a value
     1>c:\cs32\visual studio 2013\projects\cs_32_proj3\cs_32_proj3\actors.cpp(813): warning C4715: 'Goblin::smell' : not all control paths return a value
       Link:
         C:\Program Files (x86)\Microsoft Visual Studio 12.0\VC\bin\link.exe /ERRORREPORT:PROMPT /OUT:"c:\CS32\visual studio 2013\Projects\CS_32_Proj3\Debug\CS_32_Proj3.exe" /INCREMENTAL /NOLOGO kernel32.lib user32.lib gdi32.lib winspool.lib comdlg32.lib advapi32.lib shell32.lib ole32.lib oleaut32.lib uuid.lib odbc32.lib odbccp32.lib /MANIFEST /MANIFESTUAC:"level='asInvoker' uiAccess='false'" /manifest:embed /DEBUG /PDB:"c:\CS32\visual studio 2013\Projects\CS_32_Proj3\Debug\CS_32_Proj3.pdb" /TLBID:1 /DYNAMICBASE /NXCOMPAT /IMPLIB:"c:\CS32\visual studio 2013\Projects\CS_32_Proj3\Debug\CS_32_Proj3.lib" /MACHINE:X86 Debug\main.obj
         Debug\Actors.obj
         Debug\Game2.obj
         Debug\main2.obj
         Debug\Object.obj
         Debug\Dungeon.obj
         Debug\test.obj
         Debug\utilities.obj
         CS_32_Proj3.vcxproj -> c:\CS32\visual studio 2013\Projects\CS_32_Proj3\Debug\CS_32_Proj3.exe
     1>Done Building Project "c:\CS32\visual studio 2013\Projects\CS_32_Proj3\CS_32_Proj3\CS_32_Proj3.vcxproj" (Build target(s)).

Build succeeded.

Time Elapsed 00:00:02.68
