c:\cs32\visual studio 2013\projects\cs_32_proj3\cs_32_proj3\debug\vc120.pdb
c:\cs32\visual studio 2013\projects\cs_32_proj3\cs_32_proj3\debug\vc120.idb
c:\cs32\visual studio 2013\projects\cs_32_proj3\cs_32_proj3\debug\game.obj
c:\cs32\visual studio 2013\projects\cs_32_proj3\cs_32_proj3\debug\main.obj
c:\cs32\visual studio 2013\projects\cs_32_proj3\cs_32_proj3\debug\actors.obj
c:\cs32\visual studio 2013\projects\cs_32_proj3\cs_32_proj3\debug\game2.obj
c:\cs32\visual studio 2013\projects\cs_32_proj3\cs_32_proj3\debug\dungeon.obj
c:\cs32\visual studio 2013\projects\cs_32_proj3\cs_32_proj3\debug\test.obj
c:\cs32\visual studio 2013\projects\cs_32_proj3\cs_32_proj3\debug\utilities.obj
c:\cs32\visual studio 2013\projects\cs_32_proj3\cs_32_proj3\debug\object.obj
c:\cs32\visual studio 2013\projects\cs_32_proj3\cs_32_proj3\debug\main2.obj
c:\cs32\visual studio 2013\projects\cs_32_proj3\debug\cs_32_proj3.ilk
c:\cs32\visual studio 2013\projects\cs_32_proj3\debug\cs_32_proj3.exe
c:\cs32\visual studio 2013\projects\cs_32_proj3\debug\cs_32_proj3.pdb
c:\cs32\visual studio 2013\projects\cs_32_proj3\cs_32_proj3\debug\cs_32_proj3.tlog\cl.command.1.tlog
c:\cs32\visual studio 2013\projects\cs_32_proj3\cs_32_proj3\debug\cs_32_proj3.tlog\cl.read.1.tlog
c:\cs32\visual studio 2013\projects\cs_32_proj3\cs_32_proj3\debug\cs_32_proj3.tlog\cl.write.1.tlog
c:\cs32\visual studio 2013\projects\cs_32_proj3\cs_32_proj3\debug\cs_32_proj3.tlog\link.command.1.tlog
c:\cs32\visual studio 2013\projects\cs_32_proj3\cs_32_proj3\debug\cs_32_proj3.tlog\link.read.1.tlog
c:\cs32\visual studio 2013\projects\cs_32_proj3\cs_32_proj3\debug\cs_32_proj3.tlog\link.write.1.tlog
